-------------------------------------------------------------------------------
Test set: com.gestionuniversidad.application.ApplicationTests
-------------------------------------------------------------------------------
Tests run: 1, Failures: 0, Errors: 1, Skipped: 0, Time elapsed: 0.24 s <<< FAILURE! - in com.gestionuniversidad.application.ApplicationTests
com.gestionuniversidad.application.ApplicationTests  Time elapsed: 0.239 s  <<< ERROR!
java.lang.IllegalStateException: Unable to find a @SpringBootConfiguration, you need to use @ContextConfiguration or @SpringBootTest(classes=...) with your test

